<component name="libraryTable">
  <library name="junit-4.12">
    <CLASSES>
      <root url="jar://H:/jUnit4.12-20181031T210740Z-001/jUnit4.12/junit-4.12.jar!/" />
      <root url="jar://H:/jUnit4.12-20181031T210740Z-001/jUnit4.12/hamcrest-core-1.3.jar!/" />
    </CLASSES>
    <JAVADOC />
    <SOURCES />
  </library>
</component>